{"/Users/hongru/Work/gitlab/One-Request/or-awp/src/awp.js":{"path":"/Users/hongru/Work/gitlab/One-Request/or-awp/src/awp.js","s":{"1":1,"2":1,"3":1,"4":1,"5":1,"6":1,"7":1,"8":1,"9":0,"10":0,"11":0,"12":0,"13":0,"14":0,"15":1,"16":1,"17":1,"18":1,"19":1,"20":1,"21":1,"22":0,"23":0,"24":1,"25":1,"26":0,"27":0,"28":0,"29":0,"30":0,"31":0,"32":0,"33":0,"34":1,"35":3,"36":3,"37":1,"38":0,"39":1,"40":1,"41":1,"42":1,"43":1,"44":1,"45":1,"46":1,"47":1,"48":4,"49":0,"50":1,"51":1,"52":1,"53":1,"54":0,"55":0,"56":0,"57":0,"58":0,"59":0,"60":0,"61":0,"62":0,"63":0,"64":0,"65":0,"66":0,"67":1},"b":{"1":[0,0],"2":[0,0],"3":[0,0],"4":[0,1],"5":[1,1,1,1,1],"6":[0,0],"7":[0,1],"8":[0,4],"9":[0,0],"10":[0,0],"11":[0,0],"12":[0,0],"13":[0,0]},"f":{"1":1,"2":0,"3":1,"4":0,"5":3,"6":1,"7":4,"8":0,"9":0},"fnMap":{"1":{"name":"md5","line":10,"loc":{"start":{"line":10,"column":0},"end":{"line":10,"column":17}}},"2":{"name":"extend","line":13,"loc":{"start":{"line":13,"column":0},"end":{"line":13,"column":46}}},"3":{"name":"getToken","line":22,"loc":{"start":{"line":22,"column":0},"end":{"line":22,"column":22}}},"4":{"name":"Pub2awp","line":37,"loc":{"start":{"line":37,"column":0},"end":{"line":37,"column":38}}},"5":{"name":"(anonymous_5)","line":86,"loc":{"start":{"line":86,"column":19},"end":{"line":86,"column":39}}},"6":{"name":"(anonymous_6)","line":95,"loc":{"start":{"line":95,"column":21},"end":{"line":95,"column":46}}},"7":{"name":"(anonymous_7)","line":107,"loc":{"start":{"line":107,"column":52},"end":{"line":107,"column":67}}},"8":{"name":"(anonymous_8)","line":120,"loc":{"start":{"line":120,"column":13},"end":{"line":120,"column":35}}},"9":{"name":"(anonymous_9)","line":130,"loc":{"start":{"line":130,"column":11},"end":{"line":130,"column":41}}}},"statementMap":{"1":{"start":{"line":3,"column":0},"end":{"line":3,"column":27}},"2":{"start":{"line":4,"column":0},"end":{"line":4,"column":23}},"3":{"start":{"line":5,"column":0},"end":{"line":5,"column":33}},"4":{"start":{"line":6,"column":0},"end":{"line":6,"column":29}},"5":{"start":{"line":7,"column":0},"end":{"line":7,"column":31}},"6":{"start":{"line":10,"column":0},"end":{"line":12,"column":1}},"7":{"start":{"line":11,"column":4},"end":{"line":11,"column":68}},"8":{"start":{"line":13,"column":0},"end":{"line":21,"column":1}},"9":{"start":{"line":14,"column":4},"end":{"line":14,"column":53}},"10":{"start":{"line":14,"column":34},"end":{"line":14,"column":53}},"11":{"start":{"line":15,"column":4},"end":{"line":19,"column":5}},"12":{"start":{"line":16,"column":8},"end":{"line":18,"column":9}},"13":{"start":{"line":17,"column":12},"end":{"line":17,"column":33}},"14":{"start":{"line":20,"column":4},"end":{"line":20,"column":18}},"15":{"start":{"line":22,"column":0},"end":{"line":34,"column":1}},"16":{"start":{"line":23,"column":4},"end":{"line":23,"column":20}},"17":{"start":{"line":24,"column":4},"end":{"line":24,"column":22}},"18":{"start":{"line":25,"column":4},"end":{"line":25,"column":30}},"19":{"start":{"line":26,"column":4},"end":{"line":26,"column":16}},"20":{"start":{"line":27,"column":4},"end":{"line":27,"column":24}},"21":{"start":{"line":29,"column":4},"end":{"line":32,"column":5}},"22":{"start":{"line":30,"column":8},"end":{"line":30,"column":72}},"23":{"start":{"line":31,"column":8},"end":{"line":31,"column":15}},"24":{"start":{"line":33,"column":4},"end":{"line":33,"column":58}},"25":{"start":{"line":37,"column":0},"end":{"line":83,"column":1}},"26":{"start":{"line":54,"column":4},"end":{"line":72,"column":5}},"27":{"start":{"line":74,"column":4},"end":{"line":74,"column":35}},"28":{"start":{"line":75,"column":4},"end":{"line":75,"column":22}},"29":{"start":{"line":76,"column":4},"end":{"line":76,"column":35}},"30":{"start":{"line":77,"column":4},"end":{"line":77,"column":29}},"31":{"start":{"line":79,"column":4},"end":{"line":79,"column":60}},"32":{"start":{"line":80,"column":4},"end":{"line":80,"column":59}},"33":{"start":{"line":82,"column":4},"end":{"line":82,"column":43}},"34":{"start":{"line":85,"column":0},"end":{"line":150,"column":1}},"35":{"start":{"line":87,"column":8},"end":{"line":92,"column":10}},"36":{"start":{"line":93,"column":8},"end":{"line":93,"column":116}},"37":{"start":{"line":96,"column":8},"end":{"line":96,"column":49}},"38":{"start":{"line":96,"column":29},"end":{"line":96,"column":49}},"39":{"start":{"line":98,"column":8},"end":{"line":98,"column":32}},"40":{"start":{"line":99,"column":8},"end":{"line":99,"column":41}},"41":{"start":{"line":100,"column":8},"end":{"line":100,"column":35}},"42":{"start":{"line":101,"column":8},"end":{"line":101,"column":119}},"43":{"start":{"line":102,"column":8},"end":{"line":102,"column":46}},"44":{"start":{"line":103,"column":8},"end":{"line":103,"column":78}},"45":{"start":{"line":104,"column":8},"end":{"line":104,"column":52}},"46":{"start":{"line":105,"column":8},"end":{"line":105,"column":43}},"47":{"start":{"line":107,"column":8},"end":{"line":111,"column":11}},"48":{"start":{"line":108,"column":12},"end":{"line":110,"column":13}},"49":{"start":{"line":109,"column":16},"end":{"line":109,"column":54}},"50":{"start":{"line":113,"column":8},"end":{"line":113,"column":72}},"51":{"start":{"line":114,"column":8},"end":{"line":114,"column":54}},"52":{"start":{"line":116,"column":8},"end":{"line":116,"column":44}},"53":{"start":{"line":118,"column":8},"end":{"line":118,"column":24}},"54":{"start":{"line":121,"column":8},"end":{"line":121,"column":22}},"55":{"start":{"line":122,"column":8},"end":{"line":148,"column":11}},"56":{"start":{"line":131,"column":12},"end":{"line":147,"column":13}},"57":{"start":{"line":132,"column":16},"end":{"line":132,"column":78}},"58":{"start":{"line":133,"column":16},"end":{"line":133,"column":35}},"59":{"start":{"line":134,"column":19},"end":{"line":147,"column":13}},"60":{"start":{"line":136,"column":16},"end":{"line":136,"column":76}},"61":{"start":{"line":137,"column":16},"end":{"line":137,"column":74}},"62":{"start":{"line":138,"column":16},"end":{"line":138,"column":53}},"63":{"start":{"line":141,"column":16},"end":{"line":145,"column":17}},"64":{"start":{"line":142,"column":20},"end":{"line":142,"column":191}},"65":{"start":{"line":144,"column":20},"end":{"line":144,"column":85}},"66":{"start":{"line":146,"column":16},"end":{"line":146,"column":59}},"67":{"start":{"line":152,"column":0},"end":{"line":152,"column":25}}},"branchMap":{"1":{"line":14,"type":"if","locations":[{"start":{"line":14,"column":4},"end":{"line":14,"column":4}},{"start":{"line":14,"column":4},"end":{"line":14,"column":4}}]},"2":{"line":16,"type":"if","locations":[{"start":{"line":16,"column":8},"end":{"line":16,"column":8}},{"start":{"line":16,"column":8},"end":{"line":16,"column":8}}]},"3":{"line":16,"type":"binary-expr","locations":[{"start":{"line":16,"column":12},"end":{"line":16,"column":26}},{"start":{"line":16,"column":30},"end":{"line":16,"column":41}}]},"4":{"line":29,"type":"if","locations":[{"start":{"line":29,"column":4},"end":{"line":29,"column":4}},{"start":{"line":29,"column":4},"end":{"line":29,"column":4}}]},"5":{"line":29,"type":"binary-expr","locations":[{"start":{"line":29,"column":8},"end":{"line":29,"column":12}},{"start":{"line":29,"column":16},"end":{"line":29,"column":21}},{"start":{"line":29,"column":25},"end":{"line":29,"column":34}},{"start":{"line":29,"column":38},"end":{"line":29,"column":40}},{"start":{"line":29,"column":44},"end":{"line":29,"column":50}}]},"6":{"line":74,"type":"binary-expr","locations":[{"start":{"line":74,"column":14},"end":{"line":74,"column":21}},{"start":{"line":74,"column":25},"end":{"line":74,"column":34}}]},"7":{"line":96,"type":"if","locations":[{"start":{"line":96,"column":8},"end":{"line":96,"column":8}},{"start":{"line":96,"column":8},"end":{"line":96,"column":8}}]},"8":{"line":108,"type":"if","locations":[{"start":{"line":108,"column":12},"end":{"line":108,"column":12}},{"start":{"line":108,"column":12},"end":{"line":108,"column":12}}]},"9":{"line":131,"type":"if","locations":[{"start":{"line":131,"column":12},"end":{"line":131,"column":12}},{"start":{"line":131,"column":12},"end":{"line":131,"column":12}}]},"10":{"line":134,"type":"if","locations":[{"start":{"line":134,"column":19},"end":{"line":134,"column":19}},{"start":{"line":134,"column":19},"end":{"line":134,"column":19}}]},"11":{"line":138,"type":"binary-expr","locations":[{"start":{"line":138,"column":16},"end":{"line":138,"column":31}},{"start":{"line":138,"column":35},"end":{"line":138,"column":52}}]},"12":{"line":141,"type":"if","locations":[{"start":{"line":141,"column":16},"end":{"line":141,"column":16}},{"start":{"line":141,"column":16},"end":{"line":141,"column":16}}]},"13":{"line":146,"type":"binary-expr","locations":[{"start":{"line":146,"column":16},"end":{"line":146,"column":34}},{"start":{"line":146,"column":38},"end":{"line":146,"column":58}}]}}}}