{"/Users/hongru/Work/gitlab/One-Request/or-awp/src/awp.js":{"path":"/Users/hongru/Work/gitlab/One-Request/or-awp/src/awp.js","s":{"1":1,"2":1,"3":1,"4":1,"5":1,"6":1,"7":1,"8":1,"9":1,"10":0,"11":0,"12":0,"13":0,"14":0,"15":0,"16":1,"17":1,"18":1,"19":1,"20":1,"21":1,"22":1,"23":0,"24":0,"25":1,"26":1,"27":1,"28":1,"29":1,"30":1,"31":1,"32":1,"33":1,"34":1,"35":1,"36":1,"37":1,"38":1,"39":1,"40":0,"41":1,"42":1,"43":1,"44":2,"45":2,"46":1,"47":0,"48":1,"49":1,"50":1,"51":1,"52":1,"53":1,"54":1,"55":1,"56":1,"57":1,"58":4,"59":0,"60":1,"61":1,"62":1,"63":1,"64":1,"65":1,"66":1,"67":0,"68":0,"69":1,"70":0,"71":0,"72":0,"73":1,"74":1,"75":0,"76":1,"77":1,"78":1},"b":{"1":[0,0],"2":[0,0],"3":[0,0],"4":[0,1],"5":[1,1,1,1,1],"6":[1,0],"7":[0,1],"8":[1,1],"9":[0,1],"10":[0,4],"11":[0,1],"12":[0,1],"13":[0,0],"14":[1,0],"15":[1,1]},"f":{"1":1,"2":0,"3":1,"4":1,"5":1,"6":2,"7":1,"8":4,"9":1,"10":1},"fnMap":{"1":{"name":"md5","line":11,"loc":{"start":{"line":11,"column":0},"end":{"line":11,"column":17}}},"2":{"name":"extend","line":14,"loc":{"start":{"line":14,"column":0},"end":{"line":14,"column":46}}},"3":{"name":"getToken","line":23,"loc":{"start":{"line":23,"column":0},"end":{"line":23,"column":22}}},"4":{"name":"Pub2awp","line":38,"loc":{"start":{"line":38,"column":0},"end":{"line":38,"column":38}}},"5":{"name":"(anonymous_5)","line":92,"loc":{"start":{"line":92,"column":19},"end":{"line":92,"column":31}}},"6":{"name":"(anonymous_6)","line":102,"loc":{"start":{"line":102,"column":19},"end":{"line":102,"column":39}}},"7":{"name":"(anonymous_7)","line":111,"loc":{"start":{"line":111,"column":21},"end":{"line":111,"column":46}}},"8":{"name":"(anonymous_8)","line":128,"loc":{"start":{"line":128,"column":52},"end":{"line":128,"column":67}}},"9":{"name":"(anonymous_9)","line":141,"loc":{"start":{"line":141,"column":13},"end":{"line":141,"column":35}}},"10":{"name":"(anonymous_10)","line":152,"loc":{"start":{"line":152,"column":11},"end":{"line":152,"column":41}}}},"statementMap":{"1":{"start":{"line":3,"column":0},"end":{"line":3,"column":27}},"2":{"start":{"line":4,"column":0},"end":{"line":4,"column":23}},"3":{"start":{"line":5,"column":0},"end":{"line":5,"column":33}},"4":{"start":{"line":6,"column":0},"end":{"line":6,"column":29}},"5":{"start":{"line":7,"column":0},"end":{"line":7,"column":31}},"6":{"start":{"line":8,"column":0},"end":{"line":8,"column":34}},"7":{"start":{"line":11,"column":0},"end":{"line":13,"column":1}},"8":{"start":{"line":12,"column":4},"end":{"line":12,"column":68}},"9":{"start":{"line":14,"column":0},"end":{"line":22,"column":1}},"10":{"start":{"line":15,"column":4},"end":{"line":15,"column":53}},"11":{"start":{"line":15,"column":34},"end":{"line":15,"column":53}},"12":{"start":{"line":16,"column":4},"end":{"line":20,"column":5}},"13":{"start":{"line":17,"column":8},"end":{"line":19,"column":9}},"14":{"start":{"line":18,"column":12},"end":{"line":18,"column":33}},"15":{"start":{"line":21,"column":4},"end":{"line":21,"column":18}},"16":{"start":{"line":23,"column":0},"end":{"line":35,"column":1}},"17":{"start":{"line":24,"column":4},"end":{"line":24,"column":20}},"18":{"start":{"line":25,"column":4},"end":{"line":25,"column":22}},"19":{"start":{"line":26,"column":4},"end":{"line":26,"column":30}},"20":{"start":{"line":27,"column":4},"end":{"line":27,"column":16}},"21":{"start":{"line":28,"column":4},"end":{"line":28,"column":24}},"22":{"start":{"line":30,"column":4},"end":{"line":33,"column":5}},"23":{"start":{"line":31,"column":8},"end":{"line":31,"column":72}},"24":{"start":{"line":32,"column":8},"end":{"line":32,"column":15}},"25":{"start":{"line":34,"column":4},"end":{"line":34,"column":58}},"26":{"start":{"line":38,"column":0},"end":{"line":89,"column":1}},"27":{"start":{"line":55,"column":4},"end":{"line":74,"column":5}},"28":{"start":{"line":76,"column":4},"end":{"line":76,"column":35}},"29":{"start":{"line":77,"column":4},"end":{"line":77,"column":22}},"30":{"start":{"line":78,"column":4},"end":{"line":78,"column":35}},"31":{"start":{"line":79,"column":4},"end":{"line":79,"column":29}},"32":{"start":{"line":82,"column":4},"end":{"line":82,"column":25}},"33":{"start":{"line":84,"column":4},"end":{"line":84,"column":60}},"34":{"start":{"line":85,"column":4},"end":{"line":85,"column":59}},"35":{"start":{"line":88,"column":4},"end":{"line":88,"column":43}},"36":{"start":{"line":91,"column":0},"end":{"line":175,"column":1}},"37":{"start":{"line":93,"column":8},"end":{"line":93,"column":30}},"38":{"start":{"line":94,"column":8},"end":{"line":94,"column":71}},"39":{"start":{"line":95,"column":8},"end":{"line":97,"column":9}},"40":{"start":{"line":96,"column":12},"end":{"line":96,"column":120}},"41":{"start":{"line":98,"column":8},"end":{"line":98,"column":54}},"42":{"start":{"line":99,"column":8},"end":{"line":99,"column":51}},"43":{"start":{"line":100,"column":8},"end":{"line":100,"column":56}},"44":{"start":{"line":103,"column":8},"end":{"line":108,"column":10}},"45":{"start":{"line":109,"column":8},"end":{"line":109,"column":63}},"46":{"start":{"line":112,"column":8},"end":{"line":112,"column":49}},"47":{"start":{"line":112,"column":29},"end":{"line":112,"column":49}},"48":{"start":{"line":114,"column":8},"end":{"line":114,"column":32}},"49":{"start":{"line":115,"column":8},"end":{"line":115,"column":41}},"50":{"start":{"line":116,"column":8},"end":{"line":116,"column":35}},"51":{"start":{"line":117,"column":8},"end":{"line":117,"column":119}},"52":{"start":{"line":118,"column":8},"end":{"line":118,"column":46}},"53":{"start":{"line":121,"column":8},"end":{"line":121,"column":67}},"54":{"start":{"line":124,"column":8},"end":{"line":124,"column":52}},"55":{"start":{"line":125,"column":8},"end":{"line":125,"column":43}},"56":{"start":{"line":126,"column":8},"end":{"line":126,"column":38}},"57":{"start":{"line":128,"column":8},"end":{"line":132,"column":11}},"58":{"start":{"line":129,"column":12},"end":{"line":131,"column":13}},"59":{"start":{"line":130,"column":16},"end":{"line":130,"column":54}},"60":{"start":{"line":134,"column":8},"end":{"line":134,"column":72}},"61":{"start":{"line":135,"column":8},"end":{"line":135,"column":54}},"62":{"start":{"line":137,"column":8},"end":{"line":137,"column":44}},"63":{"start":{"line":139,"column":8},"end":{"line":139,"column":24}},"64":{"start":{"line":142,"column":8},"end":{"line":142,"column":22}},"65":{"start":{"line":143,"column":8},"end":{"line":173,"column":11}},"66":{"start":{"line":153,"column":12},"end":{"line":170,"column":13}},"67":{"start":{"line":154,"column":16},"end":{"line":154,"column":78}},"68":{"start":{"line":155,"column":16},"end":{"line":155,"column":35}},"69":{"start":{"line":156,"column":19},"end":{"line":170,"column":13}},"70":{"start":{"line":158,"column":16},"end":{"line":158,"column":76}},"71":{"start":{"line":159,"column":16},"end":{"line":159,"column":74}},"72":{"start":{"line":161,"column":16},"end":{"line":161,"column":53}},"73":{"start":{"line":164,"column":16},"end":{"line":168,"column":17}},"74":{"start":{"line":165,"column":20},"end":{"line":165,"column":191}},"75":{"start":{"line":167,"column":20},"end":{"line":167,"column":85}},"76":{"start":{"line":169,"column":16},"end":{"line":169,"column":59}},"77":{"start":{"line":172,"column":12},"end":{"line":172,"column":43}},"78":{"start":{"line":177,"column":0},"end":{"line":177,"column":25}}},"branchMap":{"1":{"line":15,"type":"if","locations":[{"start":{"line":15,"column":4},"end":{"line":15,"column":4}},{"start":{"line":15,"column":4},"end":{"line":15,"column":4}}]},"2":{"line":17,"type":"if","locations":[{"start":{"line":17,"column":8},"end":{"line":17,"column":8}},{"start":{"line":17,"column":8},"end":{"line":17,"column":8}}]},"3":{"line":17,"type":"binary-expr","locations":[{"start":{"line":17,"column":12},"end":{"line":17,"column":26}},{"start":{"line":17,"column":30},"end":{"line":17,"column":41}}]},"4":{"line":30,"type":"if","locations":[{"start":{"line":30,"column":4},"end":{"line":30,"column":4}},{"start":{"line":30,"column":4},"end":{"line":30,"column":4}}]},"5":{"line":30,"type":"binary-expr","locations":[{"start":{"line":30,"column":8},"end":{"line":30,"column":12}},{"start":{"line":30,"column":16},"end":{"line":30,"column":21}},{"start":{"line":30,"column":25},"end":{"line":30,"column":34}},{"start":{"line":30,"column":38},"end":{"line":30,"column":40}},{"start":{"line":30,"column":44},"end":{"line":30,"column":50}}]},"6":{"line":76,"type":"binary-expr","locations":[{"start":{"line":76,"column":14},"end":{"line":76,"column":21}},{"start":{"line":76,"column":25},"end":{"line":76,"column":34}}]},"7":{"line":95,"type":"if","locations":[{"start":{"line":95,"column":8},"end":{"line":95,"column":8}},{"start":{"line":95,"column":8},"end":{"line":95,"column":8}}]},"8":{"line":95,"type":"binary-expr","locations":[{"start":{"line":95,"column":12},"end":{"line":95,"column":29}},{"start":{"line":95,"column":33},"end":{"line":95,"column":47}}]},"9":{"line":112,"type":"if","locations":[{"start":{"line":112,"column":8},"end":{"line":112,"column":8}},{"start":{"line":112,"column":8},"end":{"line":112,"column":8}}]},"10":{"line":129,"type":"if","locations":[{"start":{"line":129,"column":12},"end":{"line":129,"column":12}},{"start":{"line":129,"column":12},"end":{"line":129,"column":12}}]},"11":{"line":153,"type":"if","locations":[{"start":{"line":153,"column":12},"end":{"line":153,"column":12}},{"start":{"line":153,"column":12},"end":{"line":153,"column":12}}]},"12":{"line":156,"type":"if","locations":[{"start":{"line":156,"column":19},"end":{"line":156,"column":19}},{"start":{"line":156,"column":19},"end":{"line":156,"column":19}}]},"13":{"line":161,"type":"binary-expr","locations":[{"start":{"line":161,"column":16},"end":{"line":161,"column":31}},{"start":{"line":161,"column":35},"end":{"line":161,"column":52}}]},"14":{"line":164,"type":"if","locations":[{"start":{"line":164,"column":16},"end":{"line":164,"column":16}},{"start":{"line":164,"column":16},"end":{"line":164,"column":16}}]},"15":{"line":169,"type":"binary-expr","locations":[{"start":{"line":169,"column":16},"end":{"line":169,"column":34}},{"start":{"line":169,"column":38},"end":{"line":169,"column":58}}]}}}}