TN:
SF:/Users/hongru/Work/gitlab/One-Request/or-awp/src/awp.js
FN:11,md5
FN:14,extend
FN:23,getToken
FN:38,Pub2awp
FN:92,(anonymous_5)
FN:102,(anonymous_6)
FN:111,(anonymous_7)
FN:128,(anonymous_8)
FN:141,(anonymous_9)
FN:152,(anonymous_10)
FNF:10
FNH:9
FNDA:1,md5
FNDA:0,extend
FNDA:1,getToken
FNDA:1,Pub2awp
FNDA:1,(anonymous_5)
FNDA:2,(anonymous_6)
FNDA:1,(anonymous_7)
FNDA:4,(anonymous_8)
FNDA:1,(anonymous_9)
FNDA:1,(anonymous_10)
DA:3,1
DA:4,1
DA:5,1
DA:6,1
DA:7,1
DA:8,1
DA:11,1
DA:12,1
DA:14,1
DA:15,0
DA:16,0
DA:17,0
DA:18,0
DA:21,0
DA:23,1
DA:24,1
DA:25,1
DA:26,1
DA:27,1
DA:28,1
DA:30,1
DA:31,0
DA:32,0
DA:34,1
DA:38,1
DA:55,1
DA:76,1
DA:77,1
DA:78,1
DA:79,1
DA:82,1
DA:84,1
DA:85,1
DA:88,1
DA:91,1
DA:93,1
DA:94,1
DA:95,1
DA:96,0
DA:98,1
DA:99,1
DA:100,1
DA:103,2
DA:109,2
DA:112,1
DA:114,1
DA:115,1
DA:116,1
DA:117,1
DA:118,1
DA:121,1
DA:124,1
DA:125,1
DA:126,1
DA:128,1
DA:129,4
DA:130,0
DA:134,1
DA:135,1
DA:137,1
DA:139,1
DA:142,1
DA:143,1
DA:153,1
DA:154,0
DA:155,0
DA:156,1
DA:158,0
DA:159,0
DA:161,0
DA:164,1
DA:165,1
DA:167,0
DA:169,1
DA:172,1
DA:177,1
LF:76
LH:61
BRDA:15,1,0,0
BRDA:15,1,1,0
BRDA:17,2,0,0
BRDA:17,2,1,0
BRDA:17,3,0,0
BRDA:17,3,1,0
BRDA:30,4,0,0
BRDA:30,4,1,1
BRDA:30,5,0,1
BRDA:30,5,1,1
BRDA:30,5,2,1
BRDA:30,5,3,1
BRDA:30,5,4,1
BRDA:76,6,0,1
BRDA:76,6,1,0
BRDA:95,7,0,0
BRDA:95,7,1,1
BRDA:95,8,0,1
BRDA:95,8,1,1
BRDA:112,9,0,0
BRDA:112,9,1,1
BRDA:129,10,0,0
BRDA:129,10,1,4
BRDA:153,11,0,0
BRDA:153,11,1,1
BRDA:156,12,0,0
BRDA:156,12,1,1
BRDA:161,13,0,0
BRDA:161,13,1,0
BRDA:164,14,0,1
BRDA:164,14,1,0
BRDA:169,15,0,1
BRDA:169,15,1,1
BRF:33
BRH:17
end_of_record
