TN:
SF:/Users/hongru/Work/gitlab/One-Request/or-awp/src/awp.js
FN:10,md5
FN:13,extend
FN:22,getToken
FN:37,Pub2awp
FN:86,(anonymous_5)
FN:95,(anonymous_6)
FN:107,(anonymous_7)
FN:120,(anonymous_8)
FN:130,(anonymous_9)
FNF:9
FNH:5
FNDA:1,md5
FNDA:0,extend
FNDA:1,getToken
FNDA:0,Pub2awp
FNDA:3,(anonymous_5)
FNDA:1,(anonymous_6)
FNDA:4,(anonymous_7)
FNDA:0,(anonymous_8)
FNDA:0,(anonymous_9)
DA:3,1
DA:4,1
DA:5,1
DA:6,1
DA:7,1
DA:10,1
DA:11,1
DA:13,1
DA:14,0
DA:15,0
DA:16,0
DA:17,0
DA:20,0
DA:22,1
DA:23,1
DA:24,1
DA:25,1
DA:26,1
DA:27,1
DA:29,1
DA:30,0
DA:31,0
DA:33,1
DA:37,1
DA:54,0
DA:74,0
DA:75,0
DA:76,0
DA:77,0
DA:79,0
DA:80,0
DA:82,0
DA:85,1
DA:87,3
DA:93,3
DA:96,1
DA:98,1
DA:99,1
DA:100,1
DA:101,1
DA:102,1
DA:103,1
DA:104,1
DA:105,1
DA:107,1
DA:108,4
DA:109,0
DA:113,1
DA:114,1
DA:116,1
DA:118,1
DA:121,0
DA:122,0
DA:131,0
DA:132,0
DA:133,0
DA:134,0
DA:136,0
DA:137,0
DA:138,0
DA:141,0
DA:142,0
DA:144,0
DA:146,0
DA:152,1
LF:65
LH:36
BRDA:14,1,0,0
BRDA:14,1,1,0
BRDA:16,2,0,0
BRDA:16,2,1,0
BRDA:16,3,0,0
BRDA:16,3,1,0
BRDA:29,4,0,0
BRDA:29,4,1,1
BRDA:29,5,0,1
BRDA:29,5,1,1
BRDA:29,5,2,1
BRDA:29,5,3,1
BRDA:29,5,4,1
BRDA:74,6,0,0
BRDA:74,6,1,0
BRDA:96,7,0,0
BRDA:96,7,1,1
BRDA:108,8,0,0
BRDA:108,8,1,4
BRDA:131,9,0,0
BRDA:131,9,1,0
BRDA:134,10,0,0
BRDA:134,10,1,0
BRDA:138,11,0,0
BRDA:138,11,1,0
BRDA:141,12,0,0
BRDA:141,12,1,0
BRDA:146,13,0,0
BRDA:146,13,1,0
BRF:29
BRH:8
end_of_record
